-------------------------------------------------------------------------------
Test set: Account Activity
-------------------------------------------------------------------------------
Tests run: 1, Failures: 1, Errors: 0, Skipped: 0, Time elapsed: 18.739 s <<< FAILURE! - in Account Activity
Page title(Account Activity)  Time elapsed: 18.739 s  <<< FAILURE!
org.junit.ComparisonFailure: expected:<Zero - Account [Activit]y> but was:<Zero - Account [Summar]y>

